Using pre-set license
Built from '2020.3/staging' branch; Version is '2020.3.11f1 (99c7afb366b3) revision 10078127'; Using compiler version '192528614'; Build Type 'Release'
OS: 'Windows 10 Home; OS build 19042.1052; Version 2009; 64bit' Language: 'da' Physical Memory: 16305 MB
BatchMode: 1, IsHumanControllingUs: 0, StartBugReporterOnCrash: 0, Is64bit: 1, IsPro: 0

 COMMAND LINE ARGUMENTS:
C:\Program Files\Unity\Hub\Editor\2020.3.11f1\Editor\Unity.exe
-adb2
-batchMode
-noUpm
-name
AssetImportWorker0
-projectPath
D:/MyUnityGames/Flappy Bird
-logFile
Logs/AssetImportWorker0.log
-srvPort
57242
Successfully changed project path to: D:/MyUnityGames/Flappy Bird
D:/MyUnityGames/Flappy Bird
Using Asset Import Pipeline V2.
Refreshing native plugins compatible for Editor in 34.22 ms, found 3 plugins.
Preloading 0 native plugins for Editor in 0.00 ms.
Initialize engine version: 2020.3.11f1 (99c7afb366b3)
[Subsystems] Discovering subsystems at path C:/Program Files/Unity/Hub/Editor/2020.3.11f1/Editor/Data/Resources/UnitySubsystems
[Subsystems] Discovering subsystems at path D:/MyUnityGames/Flappy Bird/Assets
GfxDevice: creating device client; threaded=0
Direct3D:
    Version:  Direct3D 11.0 [level 11.1]
    Renderer: NVIDIA GeForce GTX 1070 Ti (ID=0x1b82)
    Vendor:   
    VRAM:     8079 MB
    Driver:   27.21.14.5751
Initialize mono
Mono path[0] = 'C:/Program Files/Unity/Hub/Editor/2020.3.11f1/Editor/Data/Managed'
Mono path[1] = 'C:/Program Files/Unity/Hub/Editor/2020.3.11f1/Editor/Data/MonoBleedingEdge/lib/mono/unityjit'
Mono config path = 'C:/Program Files/Unity/Hub/Editor/2020.3.11f1/Editor/Data/MonoBleedingEdge/etc'
Using monoOptions --debugger-agent=transport=dt_socket,embedding=1,server=y,suspend=n,address=127.0.0.1:56500
Begin MonoManager ReloadAssembly
Registering precompiled unity dll's ...
Register platform support module: C:/Program Files/Unity/Hub/Editor/2020.3.11f1/Editor/Data/PlaybackEngines/WebGLSupport/UnityEditor.WebGL.Extensions.dll
Register platform support module: C:/Program Files/Unity/Hub/Editor/2020.3.11f1/Editor/Data/PlaybackEngines/WindowsStandaloneSupport/UnityEditor.WindowsStandalone.Extensions.dll
Registered in 0.002095 seconds.
Native extension for WindowsStandalone target not found
Native extension for WebGL target not found
Refreshing native plugins compatible for Editor in 34.97 ms, found 3 plugins.
Preloading 0 native plugins for Editor in 0.00 ms.
Mono: successfully reloaded assembly
- Completed reload, in  1.707 seconds
Platform modules already initialized, skipping
Registering precompiled user dll's ...
Registered in 0.002561 seconds.
Begin MonoManager ReloadAssembly
Native extension for WindowsStandalone target not found
Native extension for WebGL target not found
Refreshing native plugins compatible for Editor in 34.35 ms, found 3 plugins.
Preloading 0 native plugins for Editor in 0.00 ms.
Mono: successfully reloaded assembly
- Completed reload, in  0.934 seconds
Platform modules already initialized, skipping
========================================================================
Worker process is ready to serve import requests
Launched and connected shader compiler UnityShaderCompiler.exe after 0.04 seconds
Refreshing native plugins compatible for Editor in 0.40 ms, found 3 plugins.
Preloading 0 native plugins for Editor in 0.00 ms.
Unloading 2087 Unused Serialized files (Serialized files now loaded: 0)
System memory in use before: 93.7 MB.
System memory in use after: 93.6 MB.

Unloading 33 unused Assets to reduce memory usage. Loaded Objects now: 2524.
Total: 2.411800 ms (FindLiveObjects: 0.196900 ms CreateObjectMapping: 0.059500 ms MarkObjects: 1.971300 ms  DeleteObjects: 0.183100 ms)

========================================================================
Received Import Request.
  path: Assets/Music/Fluffing-a-Duck.mp3
  artifactKey: Guid(a7c20840320f87c48a9092522e440975) Importer(815301076,1909f56bfc062723c751e8b465ee728b)
Start importing Assets/Music/Fluffing-a-Duck.mp3 using Guid(a7c20840320f87c48a9092522e440975) Importer(815301076,1909f56bfc062723c751e8b465ee728b)  -> (artifact id: 'af33a996e4feb4b8ee0d307b0ba2ef9f') in 0.123330 seconds
  Import took 0.126705 seconds .

========================================================================
Received Prepare
Refreshing native plugins compatible for Editor in 2.55 ms, found 3 plugins.
Preloading 0 native plugins for Editor in 0.00 ms.
Unloading 19 Unused Serialized files (Serialized files now loaded: 0)
System memory in use before: 55.8 MB.
System memory in use after: 55.8 MB.

Unloading 19 unused Assets to reduce memory usage. Loaded Objects now: 2533.
Total: 2.903100 ms (FindLiveObjects: 0.198200 ms CreateObjectMapping: 0.058100 ms MarkObjects: 2.540900 ms  DeleteObjects: 0.105100 ms)

========================================================================
Received Prepare
Registering precompiled user dll's ...
Registered in 0.002472 seconds.
Begin MonoManager ReloadAssembly
Native extension for WindowsStandalone target not found
Native extension for WebGL target not found
Refreshing native plugins compatible for Editor in 0.43 ms, found 3 plugins.
Preloading 0 native plugins for Editor in 0.00 ms.
Mono: successfully reloaded assembly
- Completed reload, in  0.880 seconds
Platform modules already initialized, skipping
Refreshing native plugins compatible for Editor in 0.41 ms, found 3 plugins.
Preloading 0 native plugins for Editor in 0.00 ms.
Unloading 2082 Unused Serialized files (Serialized files now loaded: 0)
System memory in use before: 96.5 MB.
System memory in use after: 96.4 MB.

Unloading 21 unused Assets to reduce memory usage. Loaded Objects now: 2537.
Total: 2.415400 ms (FindLiveObjects: 0.191800 ms CreateObjectMapping: 0.054400 ms MarkObjects: 2.018800 ms  DeleteObjects: 0.149400 ms)

========================================================================
Received Prepare
Registering precompiled user dll's ...
Registered in 0.002410 seconds.
Begin MonoManager ReloadAssembly
Native extension for WindowsStandalone target not found
Native extension for WebGL target not found
Refreshing native plugins compatible for Editor in 0.46 ms, found 3 plugins.
Preloading 0 native plugins for Editor in 0.00 ms.
Mono: successfully reloaded assembly
- Completed reload, in  0.845 seconds
Platform modules already initialized, skipping
Refreshing native plugins compatible for Editor in 0.43 ms, found 3 plugins.
Preloading 0 native plugins for Editor in 0.00 ms.
Unloading 2082 Unused Serialized files (Serialized files now loaded: 0)
System memory in use before: 96.5 MB.
System memory in use after: 96.5 MB.

Unloading 21 unused Assets to reduce memory usage. Loaded Objects now: 2541.
Total: 2.795900 ms (FindLiveObjects: 0.171300 ms CreateObjectMapping: 0.075900 ms MarkObjects: 2.448300 ms  DeleteObjects: 0.099400 ms)

========================================================================
Received Prepare
Registering precompiled user dll's ...
Registered in 0.002501 seconds.
Begin MonoManager ReloadAssembly
Native extension for WindowsStandalone target not found
Native extension for WebGL target not found
Refreshing native plugins compatible for Editor in 0.44 ms, found 3 plugins.
Preloading 0 native plugins for Editor in 0.00 ms.
Mono: successfully reloaded assembly
- Completed reload, in  0.904 seconds
Platform modules already initialized, skipping
Refreshing native plugins compatible for Editor in 0.49 ms, found 3 plugins.
Preloading 0 native plugins for Editor in 0.00 ms.
Unloading 2082 Unused Serialized files (Serialized files now loaded: 0)
System memory in use before: 96.6 MB.
System memory in use after: 96.5 MB.

Unloading 21 unused Assets to reduce memory usage. Loaded Objects now: 2545.
Total: 2.941300 ms (FindLiveObjects: 0.184100 ms CreateObjectMapping: 0.054000 ms MarkObjects: 2.588600 ms  DeleteObjects: 0.113600 ms)

========================================================================
Received Import Request.
  Time since last request: 509.694926 seconds.
  path: Assets/Picktures/maxresdefault.jpg
  artifactKey: Guid(652c019e58c7f1947bb1e221e8159381) Importer(815301076,1909f56bfc062723c751e8b465ee728b)
Start importing Assets/Picktures/maxresdefault.jpg using Guid(652c019e58c7f1947bb1e221e8159381) Importer(815301076,1909f56bfc062723c751e8b465ee728b)  -> (artifact id: 'abf0575f108e40c3d37d8dcf9de84333') in 0.055537 seconds
  Import took 0.059618 seconds .

========================================================================
Received Import Request.
  Time since last request: 13.173974 seconds.
  path: Assets/Picktures/maxresdefault.jpg
  artifactKey: Guid(652c019e58c7f1947bb1e221e8159381) Importer(815301076,1909f56bfc062723c751e8b465ee728b)
Start importing Assets/Picktures/maxresdefault.jpg using Guid(652c019e58c7f1947bb1e221e8159381) Importer(815301076,1909f56bfc062723c751e8b465ee728b)  -> (artifact id: '7d1c6164b7bd3599b3f0ff2326e17700') in 0.008923 seconds
  Import took 0.012066 seconds .

========================================================================
Received Import Request.
  Time since last request: 0.005064 seconds.
  path: Assets/Picktures/maxresdefault.jpg
  artifactKey: Guid(652c019e58c7f1947bb1e221e8159381) Importer(815301076,1909f56bfc062723c751e8b465ee728b)
Start importing Assets/Picktures/maxresdefault.jpg using Guid(652c019e58c7f1947bb1e221e8159381) Importer(815301076,1909f56bfc062723c751e8b465ee728b)  -> (artifact id: '7d1c6164b7bd3599b3f0ff2326e17700') in 0.008369 seconds
  Import took 0.012162 seconds .

========================================================================
Received Import Request.
  Time since last request: 153.345588 seconds.
  path: Assets/Picktures/maxresdefault.jpg
  artifactKey: Guid(652c019e58c7f1947bb1e221e8159381) Importer(815301076,1909f56bfc062723c751e8b465ee728b)
Start importing Assets/Picktures/maxresdefault.jpg using Guid(652c019e58c7f1947bb1e221e8159381) Importer(815301076,1909f56bfc062723c751e8b465ee728b)  -> (artifact id: '99351a4273f140df7a8442e954353abd') in 0.011076 seconds
  Import took 0.014453 seconds .

========================================================================
Received Import Request.
  Time since last request: 0.022781 seconds.
  path: Assets/Picktures/maxresdefault.jpg
  artifactKey: Guid(652c019e58c7f1947bb1e221e8159381) Importer(815301076,1909f56bfc062723c751e8b465ee728b)
Start importing Assets/Picktures/maxresdefault.jpg using Guid(652c019e58c7f1947bb1e221e8159381) Importer(815301076,1909f56bfc062723c751e8b465ee728b)  -> (artifact id: '99351a4273f140df7a8442e954353abd') in 0.009680 seconds
  Import took 0.012695 seconds .

========================================================================
Received Import Request.
  Time since last request: 9.532959 seconds.
  path: Assets/Picktures/maxresdefault.jpg
  artifactKey: Guid(652c019e58c7f1947bb1e221e8159381) Importer(815301076,1909f56bfc062723c751e8b465ee728b)
Start importing Assets/Picktures/maxresdefault.jpg using Guid(652c019e58c7f1947bb1e221e8159381) Importer(815301076,1909f56bfc062723c751e8b465ee728b)  -> (artifact id: '7e2d9a2a7f7bd43bbadd0912cd05d127') in 0.009891 seconds
  Import took 0.012744 seconds .

========================================================================
Received Import Request.
  Time since last request: 0.003052 seconds.
  path: Assets/Picktures/maxresdefault.jpg
  artifactKey: Guid(652c019e58c7f1947bb1e221e8159381) Importer(815301076,1909f56bfc062723c751e8b465ee728b)
Start importing Assets/Picktures/maxresdefault.jpg using Guid(652c019e58c7f1947bb1e221e8159381) Importer(815301076,1909f56bfc062723c751e8b465ee728b)  -> (artifact id: '7e2d9a2a7f7bd43bbadd0912cd05d127') in 0.012454 seconds
  Import took 0.015538 seconds .

========================================================================
Received Import Request.
  Time since last request: 54.391854 seconds.
  path: Assets/Picktures/maxresdefault (1).jpg
  artifactKey: Guid(14a4b33e5a690af4bb6b36b08bfe65e2) Importer(815301076,1909f56bfc062723c751e8b465ee728b)
Start importing Assets/Picktures/maxresdefault (1).jpg using Guid(14a4b33e5a690af4bb6b36b08bfe65e2) Importer(815301076,1909f56bfc062723c751e8b465ee728b)  -> (artifact id: '19d2c25ab488c603d1065303f5a1f69f') in 0.012116 seconds
  Import took 0.015526 seconds .

========================================================================
Received Import Request.
  Time since last request: 6.618195 seconds.
  path: Assets/Picktures/maxresdefault (1).jpg
  artifactKey: Guid(14a4b33e5a690af4bb6b36b08bfe65e2) Importer(815301076,1909f56bfc062723c751e8b465ee728b)
Start importing Assets/Picktures/maxresdefault (1).jpg using Guid(14a4b33e5a690af4bb6b36b08bfe65e2) Importer(815301076,1909f56bfc062723c751e8b465ee728b)  -> (artifact id: '3f4f618ea7bfc68bec74e138e22910ec') in 0.009883 seconds
  Import took 0.013157 seconds .

========================================================================
Received Import Request.
  Time since last request: 0.002118 seconds.
  path: Assets/Picktures/maxresdefault (1).jpg
  artifactKey: Guid(14a4b33e5a690af4bb6b36b08bfe65e2) Importer(815301076,1909f56bfc062723c751e8b465ee728b)
Start importing Assets/Picktures/maxresdefault (1).jpg using Guid(14a4b33e5a690af4bb6b36b08bfe65e2) Importer(815301076,1909f56bfc062723c751e8b465ee728b)  -> (artifact id: '3f4f618ea7bfc68bec74e138e22910ec') in 0.008686 seconds
  Import took 0.013013 seconds .

========================================================================
Received Import Request.
  Time since last request: 45.373318 seconds.
  path: Assets/Picktures/maxresdefault (1).jpg
  artifactKey: Guid(14a4b33e5a690af4bb6b36b08bfe65e2) Importer(815301076,1909f56bfc062723c751e8b465ee728b)
Start importing Assets/Picktures/maxresdefault (1).jpg using Guid(14a4b33e5a690af4bb6b36b08bfe65e2) Importer(815301076,1909f56bfc062723c751e8b465ee728b)  -> (artifact id: '6a5aab519a80431fdf46daeed33c6109') in 0.009997 seconds
  Import took 0.013518 seconds .

========================================================================
Received Prepare
Registering precompiled user dll's ...
Registered in 0.003664 seconds.
Begin MonoManager ReloadAssembly
Native extension for WindowsStandalone target not found
Native extension for WebGL target not found
Refreshing native plugins compatible for Editor in 0.46 ms, found 3 plugins.
Preloading 0 native plugins for Editor in 0.00 ms.
Mono: successfully reloaded assembly
- Completed reload, in  0.849 seconds
Platform modules already initialized, skipping
Refreshing native plugins compatible for Editor in 0.59 ms, found 3 plugins.
Preloading 0 native plugins for Editor in 0.00 ms.
Unloading 2082 Unused Serialized files (Serialized files now loaded: 0)
System memory in use before: 96.6 MB.
System memory in use after: 96.6 MB.

Unloading 21 unused Assets to reduce memory usage. Loaded Objects now: 2557.
Total: 2.475400 ms (FindLiveObjects: 0.378700 ms CreateObjectMapping: 0.127600 ms MarkObjects: 1.872100 ms  DeleteObjects: 0.096100 ms)

========================================================================
Received Prepare
Registering precompiled user dll's ...
Registered in 0.002466 seconds.
Begin MonoManager ReloadAssembly
Native extension for WindowsStandalone target not found
Native extension for WebGL target not found
Refreshing native plugins compatible for Editor in 0.42 ms, found 3 plugins.
Preloading 0 native plugins for Editor in 0.00 ms.
Mono: successfully reloaded assembly
- Completed reload, in  0.851 seconds
Platform modules already initialized, skipping
Refreshing native plugins compatible for Editor in 0.42 ms, found 3 plugins.
Preloading 0 native plugins for Editor in 0.00 ms.
Unloading 2082 Unused Serialized files (Serialized files now loaded: 0)
System memory in use before: 96.6 MB.
System memory in use after: 96.6 MB.

Unloading 21 unused Assets to reduce memory usage. Loaded Objects now: 2561.
Total: 2.849000 ms (FindLiveObjects: 0.188100 ms CreateObjectMapping: 0.057000 ms MarkObjects: 2.462500 ms  DeleteObjects: 0.140300 ms)

========================================================================
Received Prepare
Registering precompiled user dll's ...
Registered in 0.002436 seconds.
Begin MonoManager ReloadAssembly
Native extension for WindowsStandalone target not found
Native extension for WebGL target not found
Refreshing native plugins compatible for Editor in 0.43 ms, found 3 plugins.
Preloading 0 native plugins for Editor in 0.00 ms.
Mono: successfully reloaded assembly
- Completed reload, in  0.829 seconds
Platform modules already initialized, skipping
Refreshing native plugins compatible for Editor in 0.43 ms, found 3 plugins.
Preloading 0 native plugins for Editor in 0.00 ms.
Unloading 2082 Unused Serialized files (Serialized files now loaded: 0)
System memory in use before: 96.6 MB.
System memory in use after: 96.6 MB.

Unloading 21 unused Assets to reduce memory usage. Loaded Objects now: 2565.
Total: 2.234000 ms (FindLiveObjects: 0.176700 ms CreateObjectMapping: 0.067500 ms MarkObjects: 1.866400 ms  DeleteObjects: 0.122100 ms)

========================================================================
Received Prepare
Registering precompiled user dll's ...
Registered in 0.002623 seconds.
Begin MonoManager ReloadAssembly
Native extension for WindowsStandalone target not found
Native extension for WebGL target not found
Refreshing native plugins compatible for Editor in 0.45 ms, found 3 plugins.
Preloading 0 native plugins for Editor in 0.00 ms.
Mono: successfully reloaded assembly
- Completed reload, in  0.829 seconds
Platform modules already initialized, skipping
Refreshing native plugins compatible for Editor in 0.64 ms, found 3 plugins.
Preloading 0 native plugins for Editor in 0.00 ms.
Unloading 2082 Unused Serialized files (Serialized files now loaded: 0)
System memory in use before: 96.6 MB.
System memory in use after: 96.6 MB.

Unloading 21 unused Assets to reduce memory usage. Loaded Objects now: 2569.
Total: 2.659100 ms (FindLiveObjects: 0.167400 ms CreateObjectMapping: 0.065200 ms MarkObjects: 2.310700 ms  DeleteObjects: 0.114700 ms)

========================================================================
Received Prepare
Registering precompiled user dll's ...
Registered in 0.002462 seconds.
Begin MonoManager ReloadAssembly
Native extension for WindowsStandalone target not found
Native extension for WebGL target not found
Refreshing native plugins compatible for Editor in 0.40 ms, found 3 plugins.
Preloading 0 native plugins for Editor in 0.00 ms.
Mono: successfully reloaded assembly
- Completed reload, in  0.831 seconds
Platform modules already initialized, skipping
Refreshing native plugins compatible for Editor in 0.49 ms, found 3 plugins.
Preloading 0 native plugins for Editor in 0.00 ms.
Unloading 2082 Unused Serialized files (Serialized files now loaded: 0)
System memory in use before: 96.6 MB.
System memory in use after: 96.6 MB.

Unloading 21 unused Assets to reduce memory usage. Loaded Objects now: 2573.
Total: 1.950600 ms (FindLiveObjects: 0.180500 ms CreateObjectMapping: 0.071300 ms MarkObjects: 1.603900 ms  DeleteObjects: 0.093900 ms)

========================================================================
Received Prepare
Registering precompiled user dll's ...
Registered in 0.003671 seconds.
Begin MonoManager ReloadAssembly
Native extension for WindowsStandalone target not found
Native extension for WebGL target not found
Refreshing native plugins compatible for Editor in 0.41 ms, found 3 plugins.
Preloading 0 native plugins for Editor in 0.00 ms.
Mono: successfully reloaded assembly
- Completed reload, in  0.829 seconds
Platform modules already initialized, skipping
Refreshing native plugins compatible for Editor in 0.43 ms, found 3 plugins.
Preloading 0 native plugins for Editor in 0.00 ms.
Unloading 2082 Unused Serialized files (Serialized files now loaded: 0)
System memory in use before: 96.7 MB.
System memory in use after: 96.6 MB.

Unloading 21 unused Assets to reduce memory usage. Loaded Objects now: 2577.
Total: 2.284700 ms (FindLiveObjects: 0.232200 ms CreateObjectMapping: 0.089100 ms MarkObjects: 1.841700 ms  DeleteObjects: 0.120700 ms)

========================================================================
Received Prepare
Registering precompiled user dll's ...
Registered in 0.002431 seconds.
Begin MonoManager ReloadAssembly
Native extension for WindowsStandalone target not found
Native extension for WebGL target not found
Refreshing native plugins compatible for Editor in 0.41 ms, found 3 plugins.
Preloading 0 native plugins for Editor in 0.00 ms.
Mono: successfully reloaded assembly
- Completed reload, in  0.833 seconds
Platform modules already initialized, skipping
Refreshing native plugins compatible for Editor in 0.45 ms, found 3 plugins.
Preloading 0 native plugins for Editor in 0.00 ms.
Unloading 2082 Unused Serialized files (Serialized files now loaded: 0)
System memory in use before: 96.7 MB.
System memory in use after: 96.6 MB.

Unloading 21 unused Assets to reduce memory usage. Loaded Objects now: 2581.
Total: 2.611400 ms (FindLiveObjects: 0.282500 ms CreateObjectMapping: 0.093900 ms MarkObjects: 2.049100 ms  DeleteObjects: 0.184500 ms)

========================================================================
Received Prepare
Registering precompiled user dll's ...
Registered in 0.002450 seconds.
Begin MonoManager ReloadAssembly
Native extension for WindowsStandalone target not found
Native extension for WebGL target not found
Refreshing native plugins compatible for Editor in 0.40 ms, found 3 plugins.
Preloading 0 native plugins for Editor in 0.00 ms.
Mono: successfully reloaded assembly
- Completed reload, in  0.820 seconds
Platform modules already initialized, skipping
Refreshing native plugins compatible for Editor in 0.43 ms, found 3 plugins.
Preloading 0 native plugins for Editor in 0.00 ms.
Unloading 2082 Unused Serialized files (Serialized files now loaded: 0)
System memory in use before: 96.7 MB.
System memory in use after: 96.7 MB.

Unloading 21 unused Assets to reduce memory usage. Loaded Objects now: 2585.
Total: 2.352200 ms (FindLiveObjects: 0.234900 ms CreateObjectMapping: 0.058000 ms MarkObjects: 1.938200 ms  DeleteObjects: 0.120400 ms)

========================================================================
Received Prepare
Refreshing native plugins compatible for Editor in 2.65 ms, found 3 plugins.
Preloading 0 native plugins for Editor in 0.00 ms.
Unloading 19 Unused Serialized files (Serialized files now loaded: 0)
System memory in use before: 56.1 MB.
System memory in use after: 56.0 MB.

Unloading 19 unused Assets to reduce memory usage. Loaded Objects now: 2585.
Total: 2.237400 ms (FindLiveObjects: 0.199400 ms CreateObjectMapping: 0.084600 ms MarkObjects: 1.858400 ms  DeleteObjects: 0.094400 ms)

AssetImportWorkerClient::OnTransportError - code=2 error=End of file
